# JRE version: OpenJDK Runtime Environment (8.0_212-b04) (build 1.8.0_212-release-1586-b04)
# Java VM: OpenJDK 64-Bit Server VM (25.212-b04 mixed mode windows-amd64 compressed oops)
Heap:
 PSYoungGen      total 445440K, used 337260K [0x00000000e0000000, 0x00000000fd300000, 0x0000000100000000)
  eden space 415744K, 73% used [0x00000000e0000000,0x00000000f2c5c9a0,0x00000000f9600000)
  from space 29696K, 99% used [0x00000000f9600000,0x00000000fb2fe9d8,0x00000000fb300000)
  to   space 29696K, 0% used [0x00000000fb300000,0x00000000fb300000,0x00000000fd000000)
 ParOldGen       total 155648K, used 143793K [0x00000000a0000000, 0x00000000a9800000, 0x00000000e0000000)
  object space 155648K, 92% used [0x00000000a0000000,0x00000000a8c6c790,0x00000000a9800000)
 Metaspace       used 130442K, capacity 137712K, committed 137896K, reserved 1169408K
  class space    used 16419K, capacity 17774K, committed 17832K, reserved 1048576K
GC Heap History (10 events):
Event: 2587.116 GC heap before
{Heap before GC invocations=49 (full 4):
 PSYoungGen      total 348672K, used 337425K [0x00000000e0000000, 0x00000000f7700000, 0x0000000100000000)
  eden space 319488K, 100% used [0x00000000e0000000,0x00000000f3800000,0x00000000f3800000)
  from space 29184K, 61% used [0x00000000f5a80000,0x00000000f6c04550,0x00000000f7700000)
  to   space 32256K, 0% used [0x00000000f3800000,0x00000000f3800000,0x00000000f5780000)
 ParOldGen       total 155648K, used 108335K [0x00000000a0000000, 0x00000000a9800000, 0x00000000e0000000)
  object space 155648K, 69% used [0x00000000a0000000,0x00000000a69cbde0,0x00000000a9800000)
 Metaspace       used 129616K, capacity 136648K, committed 136744K, reserved 1169408K
  class space    used 16321K, capacity 17642K, committed 17704K, reserved 1048576K
Event: 2587.150 GC heap after
Heap after GC invocations=49 (full 4):
 PSYoungGen      total 351744K, used 10801K [0x00000000e0000000, 0x00000000fa200000, 0x0000000100000000)
  eden space 319488K, 0% used [0x00000000e0000000,0x00000000e0000000,0x00000000f3800000)
  from space 32256K, 33% used [0x00000000f3800000,0x00000000f428c5c0,0x00000000f5780000)
  to   space 31232K, 0% used [0x00000000f8380000,0x00000000f8380000,0x00000000fa200000)
 ParOldGen       total 155648K, used 120014K [0x00000000a0000000, 0x00000000a9800000, 0x00000000e0000000)
  object space 155648K, 77% used [0x00000000a0000000,0x00000000a75338d0,0x00000000a9800000)
 Metaspace       used 129616K, capacity 136648K, committed 136744K, reserved 1169408K
  class space    used 16321K, capacity 17642K, committed 17704K, reserved 1048576K
}
Event: 2588.005 GC heap before
{Heap before GC invocations=50 (full 4):
 PSYoungGen      total 351744K, used 330289K [0x00000000e0000000, 0x00000000fa200000, 0x0000000100000000)
  eden space 319488K, 100% used [0x00000000e0000000,0x00000000f3800000,0x00000000f3800000)
  from space 32256K, 33% used [0x00000000f3800000,0x00000000f428c5c0,0x00000000f5780000)
  to   space 31232K, 0% used [0x00000000f8380000,0x00000000f8380000,0x00000000fa200000)
 ParOldGen       total 155648K, used 120014K [0x00000000a0000000, 0x00000000a9800000, 0x00000000e0000000)
  object space 155648K, 77% used [0x00000000a0000000,0x00000000a75338d0,0x00000000a9800000)
 Metaspace       used 129703K, capacity 136720K, committed 137000K, reserved 1169408K
  class space    used 16321K, capacity 17642K, committed 17704K, reserved 1048576K
Event: 2588.025 GC heap after
Heap after GC invocations=50 (full 4):
 PSYoungGen      total 394752K, used 8233K [0x00000000e0000000, 0x00000000fa080000, 0x0000000100000000)
  eden space 365056K, 0% used [0x00000000e0000000,0x00000000e0000000,0x00000000f6480000)
  from space 29696K, 27% used [0x00000000f8380000,0x00000000f8b8a6b8,0x00000000fa080000)
  to   space 30720K, 0% used [0x00000000f6480000,0x00000000f6480000,0x00000000f8280000)
 ParOldGen       total 155648K, used 128269K [0x00000000a0000000, 0x00000000a9800000, 0x00000000e0000000)
  object space 155648K, 82% used [0x00000000a0000000,0x00000000a7d43678,0x00000000a9800000)
 Metaspace       used 129703K, capacity 136720K, committed 137000K, reserved 1169408K
  class space    used 16321K, capacity 17642K, committed 17704K, reserved 1048576K
}
Event: 2588.709 GC heap before
{Heap before GC invocations=51 (full 4):
 PSYoungGen      total 394752K, used 373289K [0x00000000e0000000, 0x00000000fa080000, 0x0000000100000000)
  eden space 365056K, 100% used [0x00000000e0000000,0x00000000f6480000,0x00000000f6480000)
  from space 29696K, 27% used [0x00000000f8380000,0x00000000f8b8a6b8,0x00000000fa080000)
  to   space 30720K, 0% used [0x00000000f6480000,0x00000000f6480000,0x00000000f8280000)
 ParOldGen       total 155648K, used 128269K [0x00000000a0000000, 0x00000000a9800000, 0x00000000e0000000)
  object space 155648K, 82% used [0x00000000a0000000,0x00000000a7d43678,0x00000000a9800000)
 Metaspace       used 129970K, capacity 137054K, committed 137256K, reserved 1169408K
  class space    used 16362K, capacity 17697K, committed 17704K, reserved 1048576K
Event: 2588.722 GC heap after
Heap after GC invocations=51 (full 4):
 PSYoungGen      total 395776K, used 9622K [0x00000000e0000000, 0x00000000fd000000, 0x0000000100000000)
  eden space 365056K, 0% used [0x00000000e0000000,0x00000000e0000000,0x00000000f6480000)
  from space 30720K, 31% used [0x00000000f6480000,0x00000000f6de5a20,0x00000000f8280000)
  to   space 29696K, 0% used [0x00000000fb300000,0x00000000fb300000,0x00000000fd000000)
 ParOldGen       total 155648K, used 132247K [0x00000000a0000000, 0x00000000a9800000, 0x00000000e0000000)
  object space 155648K, 84% used [0x00000000a0000000,0x00000000a8125df8,0x00000000a9800000)
 Metaspace       used 129970K, capacity 137054K, committed 137256K, reserved 1169408K
  class space    used 16362K, capacity 17697K, committed 17704K, reserved 1048576K
}
Event: 2589.367 GC heap before
{Heap before GC invocations=52 (full 4):
 PSYoungGen      total 395776K, used 374678K [0x00000000e0000000, 0x00000000fd000000, 0x0000000100000000)
  eden space 365056K, 100% used [0x00000000e0000000,0x00000000f6480000,0x00000000f6480000)
  from space 30720K, 31% used [0x00000000f6480000,0x00000000f6de5a20,0x00000000f8280000)
  to   space 29696K, 0% used [0x00000000fb300000,0x00000000fb300000,0x00000000fd000000)
 ParOldGen       total 155648K, used 132247K [0x00000000a0000000, 0x00000000a9800000, 0x00000000e0000000)
  object space 155648K, 84% used [0x00000000a0000000,0x00000000a8125df8,0x00000000a9800000)
 Metaspace       used 130054K, capacity 137182K, committed 137256K, reserved 1169408K
  class space    used 16362K, capacity 17697K, committed 17704K, reserved 1048576K
Event: 2589.395 GC heap after
Heap after GC invocations=52 (full 4):
 PSYoungGen      total 445440K, used 5314K [0x00000000e0000000, 0x00000000fd300000, 0x0000000100000000)
  eden space 415744K, 0% used [0x00000000e0000000,0x00000000e0000000,0x00000000f9600000)
  from space 29696K, 17% used [0x00000000fb300000,0x00000000fb830b38,0x00000000fd000000)
  to   space 29696K, 0% used [0x00000000f9600000,0x00000000f9600000,0x00000000fb300000)
 ParOldGen       total 155648K, used 138543K [0x00000000a0000000, 0x00000000a9800000, 0x00000000e0000000)
  object space 155648K, 89% used [0x00000000a0000000,0x00000000a874be60,0x00000000a9800000)
 Metaspace       used 130054K, capacity 137182K, committed 137256K, reserved 1169408K
  class space    used 16362K, capacity 17697K, committed 17704K, reserved 1048576K
}
Event: 2590.580 GC heap before
{Heap before GC invocations=53 (full 4):
 PSYoungGen      total 445440K, used 421058K [0x00000000e0000000, 0x00000000fd300000, 0x0000000100000000)
  eden space 415744K, 100% used [0x00000000e0000000,0x00000000f9600000,0x00000000f9600000)
  from space 29696K, 17% used [0x00000000fb300000,0x00000000fb830b38,0x00000000fd000000)
  to   space 29696K, 0% used [0x00000000f9600000,0x00000000f9600000,0x00000000fb300000)
 ParOldGen       total 155648K, used 138543K [0x00000000a0000000, 0x00000000a9800000, 0x00000000e0000000)
  object space 155648K, 89% used [0x00000000a0000000,0x00000000a874be60,0x00000000a9800000)
 Metaspace       used 130154K, capacity 137328K, committed 137512K, reserved 1169408K
  class space    used 16365K, capacity 17700K, committed 17704K, reserved 1048576K
Event: 2590.757 GC heap after
Heap after GC invocations=53 (full 4):
 PSYoungGen      total 445440K, used 29690K [0x00000000e0000000, 0x00000000fd300000, 0x0000000100000000)
  eden space 415744K, 0% used [0x00000000e0000000,0x00000000e0000000,0x00000000f9600000)
  from space 29696K, 99% used [0x00000000f9600000,0x00000000fb2fe9d8,0x00000000fb300000)
  to   space 29696K, 0% used [0x00000000fb300000,0x00000000fb300000,0x00000000fd000000)
 ParOldGen       total 155648K, used 143793K [0x00000000a0000000, 0x00000000a9800000, 0x00000000e0000000)
  object space 155648K, 92% used [0x00000000a0000000,0x00000000a8c6c790,0x00000000a9800000)
 Metaspace       used 130154K, capacity 137328K, committed 137512K, reserved 1169408K
  class space    used 16365K, capacity 17700K, committed 17704K, reserved 1048576K
}

