# JRE version: OpenJDK Runtime Environment (8.0_212-b04) (build 1.8.0_212-release-1586-b04)
# Java VM: OpenJDK 64-Bit Server VM (25.212-b04 mixed mode windows-amd64 compressed oops)
Heap:
 PSYoungGen      total 452608K, used 398048K [0x00000000e0000000, 0x0000000100000000, 0x0000000100000000)
  eden space 382976K, 85% used [0x00000000e0000000,0x00000000f40ba3b0,0x00000000f7600000)
  from space 69632K, 99% used [0x00000000f7600000,0x00000000fb9fdfc8,0x00000000fba00000)
  to   space 71680K, 0% used [0x00000000fba00000,0x00000000fba00000,0x0000000100000000)
 ParOldGen       total 197632K, used 165218K [0x00000000a0000000, 0x00000000ac100000, 0x00000000e0000000)
  object space 197632K, 83% used [0x00000000a0000000,0x00000000aa158880,0x00000000ac100000)
 Metaspace       used 86506K, capacity 90268K, committed 90712K, reserved 1128448K
  class space    used 11258K, capacity 12011K, committed 12160K, reserved 1048576K
GC Heap History (10 events):
Event: 46.954 GC heap before
{Heap before GC invocations=41 (full 4):
 PSYoungGen      total 460288K, used 459653K [0x00000000e0000000, 0x0000000100000000, 0x0000000100000000)
  eden space 416768K, 100% used [0x00000000e0000000,0x00000000f9700000,0x00000000f9700000)
  from space 43520K, 98% used [0x00000000fd580000,0x00000000fff61530,0x0000000100000000)
  to   space 53760K, 0% used [0x00000000f9700000,0x00000000f9700000,0x00000000fcb80000)
 ParOldGen       total 197632K, used 125252K [0x00000000a0000000, 0x00000000ac100000, 0x00000000e0000000)
  object space 197632K, 63% used [0x00000000a0000000,0x00000000a7a51050,0x00000000ac100000)
 Metaspace       used 79045K, capacity 82252K, committed 83800K, reserved 1122304K
  class space    used 10462K, capacity 11091K, committed 11392K, reserved 1048576K
Event: 46.987 GC heap after
Heap after GC invocations=41 (full 4):
 PSYoungGen      total 470016K, used 52900K [0x00000000e0000000, 0x0000000100000000, 0x0000000100000000)
  eden space 416768K, 0% used [0x00000000e0000000,0x00000000e0000000,0x00000000f9700000)
  from space 53248K, 99% used [0x00000000f9700000,0x00000000fcaa9080,0x00000000fcb00000)
  to   space 54272K, 0% used [0x00000000fcb00000,0x00000000fcb00000,0x0000000100000000)
 ParOldGen       total 197632K, used 125260K [0x00000000a0000000, 0x00000000ac100000, 0x00000000e0000000)
  object space 197632K, 63% used [0x00000000a0000000,0x00000000a7a53050,0x00000000ac100000)
 Metaspace       used 79045K, capacity 82252K, committed 83800K, reserved 1122304K
  class space    used 10462K, capacity 11091K, committed 11392K, reserved 1048576K
}
Event: 47.847 GC heap before
{Heap before GC invocations=42 (full 4):
 PSYoungGen      total 470016K, used 469633K [0x00000000e0000000, 0x0000000100000000, 0x0000000100000000)
  eden space 416768K, 99% used [0x00000000e0000000,0x00000000f96f7438,0x00000000f9700000)
  from space 53248K, 99% used [0x00000000f9700000,0x00000000fcaa9080,0x00000000fcb00000)
  to   space 54272K, 0% used [0x00000000fcb00000,0x00000000fcb00000,0x0000000100000000)
 ParOldGen       total 197632K, used 125260K [0x00000000a0000000, 0x00000000ac100000, 0x00000000e0000000)
  object space 197632K, 63% used [0x00000000a0000000,0x00000000a7a53050,0x00000000ac100000)
 Metaspace       used 79118K, capacity 82258K, committed 83800K, reserved 1122304K
  class space    used 10463K, capacity 11092K, committed 11392K, reserved 1048576K
Event: 47.897 GC heap after
Heap after GC invocations=42 (full 4):
 PSYoungGen      total 437248K, used 54254K [0x00000000e0000000, 0x0000000100000000, 0x0000000100000000)
  eden space 382976K, 0% used [0x00000000e0000000,0x00000000e0000000,0x00000000f7600000)
  from space 54272K, 99% used [0x00000000fcb00000,0x00000000ffffba28,0x0000000100000000)
  to   space 70656K, 0% used [0x00000000f7600000,0x00000000f7600000,0x00000000fbb00000)
 ParOldGen       total 197632K, used 131313K [0x00000000a0000000, 0x00000000ac100000, 0x00000000e0000000)
  object space 197632K, 66% used [0x00000000a0000000,0x00000000a803c6f0,0x00000000ac100000)
 Metaspace       used 79118K, capacity 82258K, committed 83800K, reserved 1122304K
  class space    used 10463K, capacity 11092K, committed 11392K, reserved 1048576K
}
Event: 48.745 GC heap before
{Heap before GC invocations=43 (full 4):
 PSYoungGen      total 437248K, used 437230K [0x00000000e0000000, 0x0000000100000000, 0x0000000100000000)
  eden space 382976K, 100% used [0x00000000e0000000,0x00000000f7600000,0x00000000f7600000)
  from space 54272K, 99% used [0x00000000fcb00000,0x00000000ffffba28,0x0000000100000000)
  to   space 70656K, 0% used [0x00000000f7600000,0x00000000f7600000,0x00000000fbb00000)
 ParOldGen       total 197632K, used 131313K [0x00000000a0000000, 0x00000000ac100000, 0x00000000e0000000)
  object space 197632K, 66% used [0x00000000a0000000,0x00000000a803c6f0,0x00000000ac100000)
 Metaspace       used 79153K, capacity 82270K, committed 83800K, reserved 1122304K
  class space    used 10465K, capacity 11094K, committed 11392K, reserved 1048576K
Event: 48.787 GC heap after
Heap after GC invocations=43 (full 4):
 PSYoungGen      total 453632K, used 40237K [0x00000000e0000000, 0x0000000100000000, 0x0000000100000000)
  eden space 382976K, 0% used [0x00000000e0000000,0x00000000e0000000,0x00000000f7600000)
  from space 70656K, 56% used [0x00000000f7600000,0x00000000f9d4b710,0x00000000fbb00000)
  to   space 70656K, 0% used [0x00000000fbb00000,0x00000000fbb00000,0x0000000100000000)
 ParOldGen       total 197632K, used 140833K [0x00000000a0000000, 0x00000000ac100000, 0x00000000e0000000)
  object space 197632K, 71% used [0x00000000a0000000,0x00000000a89884d0,0x00000000ac100000)
 Metaspace       used 79153K, capacity 82270K, committed 83800K, reserved 1122304K
  class space    used 10465K, capacity 11094K, committed 11392K, reserved 1048576K
}
Event: 50.437 GC heap before
{Heap before GC invocations=44 (full 4):
 PSYoungGen      total 453632K, used 423213K [0x00000000e0000000, 0x0000000100000000, 0x0000000100000000)
  eden space 382976K, 100% used [0x00000000e0000000,0x00000000f7600000,0x00000000f7600000)
  from space 70656K, 56% used [0x00000000f7600000,0x00000000f9d4b710,0x00000000fbb00000)
  to   space 70656K, 0% used [0x00000000fbb00000,0x00000000fbb00000,0x0000000100000000)
 ParOldGen       total 197632K, used 140833K [0x00000000a0000000, 0x00000000ac100000, 0x00000000e0000000)
  object space 197632K, 71% used [0x00000000a0000000,0x00000000a89884d0,0x00000000ac100000)
 Metaspace       used 79670K, capacity 82908K, committed 84440K, reserved 1122304K
  class space    used 10526K, capacity 11173K, committed 11520K, reserved 1048576K
Event: 50.466 GC heap after
Heap after GC invocations=44 (full 4):
 PSYoungGen      total 451584K, used 39493K [0x00000000e0000000, 0x00000000ffe00000, 0x0000000100000000)
  eden space 382976K, 0% used [0x00000000e0000000,0x00000000e0000000,0x00000000f7600000)
  from space 68608K, 57% used [0x00000000fbb00000,0x00000000fe1917e8,0x00000000ffe00000)
  to   space 69632K, 0% used [0x00000000f7600000,0x00000000f7600000,0x00000000fba00000)
 ParOldGen       total 197632K, used 140841K [0x00000000a0000000, 0x00000000ac100000, 0x00000000e0000000)
  object space 197632K, 71% used [0x00000000a0000000,0x00000000a898a4d0,0x00000000ac100000)
 Metaspace       used 79670K, capacity 82908K, committed 84440K, reserved 1122304K
  class space    used 10526K, capacity 11173K, committed 11520K, reserved 1048576K
}
Event: 52.907 GC heap before
{Heap before GC invocations=45 (full 4):
 PSYoungGen      total 451584K, used 422469K [0x00000000e0000000, 0x00000000ffe00000, 0x0000000100000000)
  eden space 382976K, 100% used [0x00000000e0000000,0x00000000f7600000,0x00000000f7600000)
  from space 68608K, 57% used [0x00000000fbb00000,0x00000000fe1917e8,0x00000000ffe00000)
  to   space 69632K, 0% used [0x00000000f7600000,0x00000000f7600000,0x00000000fba00000)
 ParOldGen       total 197632K, used 140841K [0x00000000a0000000, 0x00000000ac100000, 0x00000000e0000000)
  object space 197632K, 71% used [0x00000000a0000000,0x00000000a898a4d0,0x00000000ac100000)
 Metaspace       used 80260K, capacity 83606K, committed 84952K, reserved 1122304K
  class space    used 10581K, capacity 11248K, committed 11520K, reserved 1048576K
Event: 53.024 GC heap after
Heap after GC invocations=45 (full 4):
 PSYoungGen      total 452608K, used 69623K [0x00000000e0000000, 0x0000000100000000, 0x0000000100000000)
  eden space 382976K, 0% used [0x00000000e0000000,0x00000000e0000000,0x00000000f7600000)
  from space 69632K, 99% used [0x00000000f7600000,0x00000000fb9fdfc8,0x00000000fba00000)
  to   space 71680K, 0% used [0x00000000fba00000,0x00000000fba00000,0x0000000100000000)
 ParOldGen       total 197632K, used 165218K [0x00000000a0000000, 0x00000000ac100000, 0x00000000e0000000)
  object space 197632K, 83% used [0x00000000a0000000,0x00000000aa158880,0x00000000ac100000)
 Metaspace       used 80260K, capacity 83606K, committed 84952K, reserved 1122304K
  class space    used 10581K, capacity 11248K, committed 11520K, reserved 1048576K
}

